<?xml version="1.0" encoding="UTF-8"?>
<!-- Generated by org.testng.reporters.JUnitXMLReporter -->
<testsuite hostname="Kose-MacBook-Pro.local" ignored="0" name="Default test" tests="4" failures="0" timestamp="2021-03-31T22:48:37 EDT" time="17.527" errors="0">
  <testcase name="verifyTitleTest" time="0.388" classname="com.qa.DarkSky.tests.MainPageTest"/>
  <testcase name="enterlocation" time="8.228" classname="com.qa.DarkSky.tests.MainPageTest"/>
  <testcase name="verifyMinTemp" time="1.422" classname="com.qa.DarkSky.tests.MainPageTest"/>
  <testcase name="verifyMaxTemp" time="1.386" classname="com.qa.DarkSky.tests.MainPageTest"/>
</testsuite> <!-- Default test -->
